INFO 2024-05-01 17:32:37,784 autoreload 47021 132999069958144 Watching for file changes with StatReloader
WARNING 2024-05-01 17:32:41,333 log 47021 132999014250048 Not Found: /
WARNING 2024-05-01 17:32:41,338 basehttp 47021 132999014250048 "GET / HTTP/1.1" 404 2166
WARNING 2024-05-01 17:32:43,316 log 47021 132999014250048 Not Found: /favicon.ico
WARNING 2024-05-01 17:32:43,320 basehttp 47021 132999014250048 "GET /favicon.ico HTTP/1.1" 404 2217
WARNING 2024-05-01 17:32:49,468 log 47021 132999014250048 Not Found: /
WARNING 2024-05-01 17:32:49,469 basehttp 47021 132999014250048 "GET / HTTP/1.1" 404 2166
WARNING 2024-05-01 17:32:52,980 log 47021 132999014250048 Not Found: /start/
WARNING 2024-05-01 17:32:52,985 basehttp 47021 132999014250048 "GET /start/ HTTP/1.1" 404 2873
INFO 2024-05-01 17:32:58,057 basehttp 47021 132999014250048 "GET /start/add/ HTTP/1.1" 200 1317
INFO 2024-05-01 17:33:44,804 basehttp 47021 132999014250048 "POST /start/add/ HTTP/1.1" 200 1426
INFO 2024-05-01 17:35:38,574 basehttp 47021 132999014250048 "GET /start/image/ HTTP/1.1" 200 565
INFO 2024-05-01 17:36:34,201 autoreload 47021 132999069958144 /home/aleksander/PycharmProjects/pythonProject1/Django/magazin/hw2/views.py changed, reloading.
INFO 2024-05-01 17:36:34,889 autoreload 47424 128357415165952 Watching for file changes with StatReloader
INFO 2024-05-01 17:37:33,336 autoreload 47469 127653004173312 Watching for file changes with StatReloader
INFO 2024-05-01 17:37:38,794 basehttp 47469 127652949128768 "GET /start/add/ HTTP/1.1" 200 1333
WARNING 2024-05-01 17:38:05,740 log 47469 127652949128768 Not Found: /start/add/image/
WARNING 2024-05-01 17:38:05,744 basehttp 47469 127652949128768 "POST /start/add/image/ HTTP/1.1" 404 2904
WARNING 2024-05-01 17:39:18,312 log 47469 127652949128768 Not Found: /start/add/image/
WARNING 2024-05-01 17:39:18,313 basehttp 47469 127652949128768 "POST /start/add/image/ HTTP/1.1" 404 2904
WARNING 2024-05-01 17:39:21,441 log 47469 127652949128768 Not Found: /start/add/image/
WARNING 2024-05-01 17:39:21,442 basehttp 47469 127652949128768 "GET /start/add/image/ HTTP/1.1" 404 2903
INFO 2024-05-01 17:39:24,276 basehttp 47469 127652949128768 "GET /start/add HTTP/1.1" 301 0
INFO 2024-05-01 17:39:24,318 basehttp 47469 127652870485568 "GET /start/add/ HTTP/1.1" 200 1327
INFO 2024-05-01 17:39:44,524 basehttp 47469 127652870485568 "POST /start/add/ HTTP/1.1" 200 1389
INFO 2024-05-04 18:49:39,046 autoreload 5169 140311745830912 Watching for file changes with StatReloader
WARNING 2024-05-04 18:49:47,701 log 5169 140311615501888 Not Found: /
WARNING 2024-05-04 18:49:47,707 basehttp 5169 140311615501888 "GET / HTTP/1.1" 404 2166
WARNING 2024-05-04 18:49:48,925 log 5169 140311615501888 Not Found: /favicon.ico
WARNING 2024-05-04 18:49:48,927 basehttp 5169 140311615501888 "GET /favicon.ico HTTP/1.1" 404 2217
WARNING 2024-05-04 18:49:55,613 log 5169 140311615501888 Not Found: /start/
WARNING 2024-05-04 18:49:55,618 basehttp 5169 140311615501888 "GET /start/ HTTP/1.1" 404 2873
WARNING 2024-05-04 18:49:57,830 log 5169 140311615501888 Not Found: /start/
WARNING 2024-05-04 18:49:57,831 basehttp 5169 140311615501888 "GET /start/ HTTP/1.1" 404 2873
INFO 2024-05-04 18:50:04,506 basehttp 5169 140311615501888 "GET /start/orders/2/ HTTP/1.1" 200 3191
INFO 2024-05-04 18:50:10,634 basehttp 5169 140311615501888 "GET /start/orders/1/ HTTP/1.1" 200 1317
INFO 2024-05-04 18:50:15,153 basehttp 5169 140311615501888 "GET /start/orders/3/ HTTP/1.1" 200 272
INFO 2024-05-04 18:50:18,955 basehttp 5169 140311615501888 "GET /start/orders/4/ HTTP/1.1" 200 268
INFO 2024-05-04 18:50:22,464 basehttp 5169 140311615501888 "GET /start/orders/5/ HTTP/1.1" 200 995
WARNING 2024-05-04 18:50:26,750 log 5169 140311615501888 Not Found: /start/
WARNING 2024-05-04 18:50:26,751 basehttp 5169 140311615501888 "GET /start/ HTTP/1.1" 404 2873
INFO 2024-05-04 18:50:34,248 basehttp 5169 140311615501888 "GET /start/story/2/360/ HTTP/1.1" 200 671
INFO 2024-05-04 18:50:38,644 basehttp 5169 140311615501888 "GET /start/story/1/360/ HTTP/1.1" 200 815
INFO 2024-05-04 18:50:43,252 basehttp 5169 140311615501888 "GET /start/story/1/7/ HTTP/1.1" 200 795
INFO 2024-05-04 18:50:49,235 basehttp 5169 140311615501888 "GET /start/story/1/720/ HTTP/1.1" 200 815
WARNING 2024-05-04 18:51:50,249 log 5169 140311615501888 Not Found: /start/start/1
WARNING 2024-05-04 18:51:50,251 basehttp 5169 140311615501888 "GET /start/start/1 HTTP/1.1" 404 2894
INFO 2024-05-04 18:51:57,764 basehttp 5169 140311615501888 "GET /start/orders/1/ HTTP/1.1" 200 1317
INFO 2024-05-04 18:52:29,958 basehttp 5169 140311615501888 "GET /start/orders/2/ HTTP/1.1" 200 3191
INFO 2024-05-04 18:56:52,520 autoreload 5169 140311745830912 /home/aleksander/PycharmProjects/pythonProject1/Django/magazin/hw2/views.py changed, reloading.
INFO 2024-05-04 18:56:54,014 autoreload 6091 132419813695488 Watching for file changes with StatReloader
INFO 2024-05-04 18:59:08,205 autoreload 6091 132419813695488 /home/aleksander/PycharmProjects/pythonProject1/Django/magazin/hw2/views.py changed, reloading.
INFO 2024-05-04 18:59:08,823 autoreload 6356 138075570290688 Watching for file changes with StatReloader
WARNING 2024-05-04 18:59:17,859 log 6356 138075514598976 Not Found: /start/
WARNING 2024-05-04 18:59:17,860 basehttp 6356 138075514598976 "GET /start/ HTTP/1.1" 404 2873
INFO 2024-05-04 18:59:24,800 basehttp 6356 138075514598976 "GET /start/story/2/360/ HTTP/1.1" 200 671
INFO 2024-05-04 18:59:29,173 basehttp 6356 138075514598976 "GET /start/story/2/720/ HTTP/1.1" 200 707
INFO 2024-05-04 18:59:34,029 basehttp 6356 138075514598976 "GET /start/story/3/720/ HTTP/1.1" 200 341
INFO 2024-05-04 18:59:37,203 basehttp 6356 138075514598976 "GET /start/story/1/720/ HTTP/1.1" 200 815
INFO 2024-05-04 18:59:44,930 basehttp 6356 138075514598976 "GET /start/story/2/720/ HTTP/1.1" 200 707
INFO 2024-05-04 19:00:39,255 basehttp 6356 138075514598976 "GET /start/story/5/720/ HTTP/1.1" 200 819
INFO 2024-05-04 19:00:47,541 basehttp 6356 138075514598976 "GET /start/story/5/360/ HTTP/1.1" 200 819
INFO 2024-05-04 19:03:09,933 autoreload 6356 138075570290688 /home/aleksander/PycharmProjects/pythonProject1/Django/magazin/hw2/views.py changed, reloading.
INFO 2024-05-04 19:03:10,564 autoreload 6581 131136216629248 Watching for file changes with StatReloader
INFO 2024-05-04 19:03:14,187 basehttp 6581 131136088962624 "GET /start/story/5/360/ HTTP/1.1" 200 1980
INFO 2024-05-04 19:03:21,420 basehttp 6581 131136088962624 "GET /start/story/3/360/ HTTP/1.1" 200 1980
INFO 2024-05-04 19:03:24,227 basehttp 6581 131136088962624 "GET /start/story/1/360/ HTTP/1.1" 200 1978
INFO 2024-05-04 19:04:49,320 autoreload 6698 135170803462144 Watching for file changes with StatReloader
INFO 2024-05-04 19:04:53,815 basehttp 6698 135170673866304 "GET /start/story/1/360/ HTTP/1.1" 200 1978
INFO 2024-05-04 19:04:54,861 basehttp 6698 135170673866304 "GET /start/story/1/360/ HTTP/1.1" 200 1978
INFO 2024-05-04 19:04:58,997 basehttp 6698 135170673866304 "GET /start/story/2/720/ HTTP/1.1" 200 1978
INFO 2024-05-04 19:10:02,344 autoreload 7007 137417548259328 Watching for file changes with StatReloader
INFO 2024-05-04 19:10:07,941 basehttp 7007 137417492264512 "GET /start/story/2/720/ HTTP/1.1" 200 991
INFO 2024-05-04 19:10:12,773 basehttp 7007 137417492264512 "GET /start/story/2/7/ HTTP/1.1" 200 651
INFO 2024-05-04 19:10:16,965 basehttp 7007 137417492264512 "GET /start/story/2/14/ HTTP/1.1" 200 652
INFO 2024-05-04 19:10:21,840 basehttp 7007 137417492264512 "GET /start/story/2/15/ HTTP/1.1" 200 652
INFO 2024-05-04 19:10:25,035 basehttp 7007 137417492264512 "GET /start/story/2/200/ HTTP/1.1" 200 937
INFO 2024-05-04 19:11:03,808 autoreload 7075 127821155725312 Watching for file changes with StatReloader
INFO 2024-05-04 19:11:23,684 autoreload 7149 125698498330624 Watching for file changes with StatReloader
INFO 2024-05-04 19:11:37,950 autoreload 7208 126816274685952 Watching for file changes with StatReloader
INFO 2024-05-04 19:12:01,450 autoreload 7222 125331279872000 Watching for file changes with StatReloader
INFO 2024-05-04 19:12:46,999 autoreload 7656 126902904352768 Watching for file changes with StatReloader
WARNING 2024-05-04 19:12:57,659 log 7656 126902849238592 Not Found: /
WARNING 2024-05-04 19:12:57,666 basehttp 7656 126902849238592 "GET / HTTP/1.1" 404 2166
WARNING 2024-05-04 19:13:00,886 log 7656 126902849238592 Not Found: /favicon.ico
WARNING 2024-05-04 19:13:00,895 basehttp 7656 126902849238592 "GET /favicon.ico HTTP/1.1" 404 2217
INFO 2024-05-04 19:13:05,115 basehttp 7656 126902849238592 "GET /start/orders/2/ HTTP/1.1" 200 5238
WARNING 2024-05-04 19:13:17,449 log 7656 126902849238592 Not Found: /start/
WARNING 2024-05-04 19:13:17,451 basehttp 7656 126902849238592 "GET /start/ HTTP/1.1" 404 2873
INFO 2024-05-04 19:13:21,667 basehttp 7656 126902849238592 "GET /start/story/2/720/ HTTP/1.1" 200 1135
INFO 2024-05-04 19:13:28,600 basehttp 7656 126902849238592 "GET /start/story/2/10/ HTTP/1.1" 200 652
INFO 2024-05-04 19:13:32,110 basehttp 7656 126902849238592 "GET /start/story/2/14/ HTTP/1.1" 200 796
